<?xml version="1.0" encoding="UTF-8"?>
<!-- Generated by org.testng.reporters.JUnitXMLReporter -->
<testsuite ignored="0" hostname="DESKTOP-TPE3K6R" failures="0" tests="3" name="Default test" time="25.568" errors="0" timestamp="2026-04-23T14:46:28 IST">
  <testcase classname="Login_page.Login_page.login_Test" name="validLoginTest" time="0.491"/>
  <testcase classname="Login_page.Login_page.login_Test" name="invalidLoginTest" time="0.628"/>
  <testcase classname="Login_page.Login_page.login_Test" name="emptyFieldsTest" time="0.167"/>
</testsuite> <!-- Default test -->
