<?xml version="1.0" encoding="UTF-8"?>
<!-- Generated by org.testng.reporters.JUnitReportReporter -->
<testsuite hostname="DESKTOP-TPE3K6R" failures="0" tests="3" name="Login_page.Login_page.login_Test" time="25.505" errors="0" timestamp="2026-04-23T14:46:28 IST" skipped="0">
  <testcase classname="Login_page.Login_page.login_Test" name="validLoginTest" time="7.272"/>
  <testcase classname="Login_page.Login_page.login_Test" name="invalidLoginTest" time="11.896"/>
  <testcase classname="Login_page.Login_page.login_Test" name="emptyFieldsTest" time="6.337"/>
</testsuite> <!-- Login_page.Login_page.login_Test -->
